2024-10-22 20:28:33.530 +03:00 [INF] Initialization of all application windows...
2024-10-22 20:28:38.255 +03:00 [INF] All application windows have been initialized
2024-10-22 20:28:38.256 +03:00 [INF] Start application...
2024-10-22 20:28:42.705 +03:00 [INF] Application started
2024-10-22 20:28:42.741 +03:00 [INF] Getting filters data ...
2024-10-22 20:28:42.761 +03:00 [INF]  Request: GetAllFiltersQuery {"$type":"GetAllFiltersQuery"}
2024-10-22 20:28:43.094 +03:00 [INF] Getting fuel data ...
2024-10-22 20:28:43.096 +03:00 [INF]  Request: GetAllFuelsQuery {"$type":"GetAllFuelsQuery"}
2024-10-22 20:28:43.136 +03:00 [INF] Filter type data has been uploaded
2024-10-22 20:28:43.200 +03:00 [INF] Fuel type data has been uploaded
2024-10-22 20:29:19.049 +03:00 [WRN] Validation failed for filter :
 - BrandFilter: Модель фильтра не может быть пустой.
2024-10-22 20:29:33.042 +03:00 [WRN] Validation failed for station parameter.
2024-10-22 20:29:33.043 +03:00 [WRN] - FuelConsumption: Расход топлива не указан.
2024-10-22 20:29:33.043 +03:00 [WRN] - ExhaustGasTemperature: Температура отработавших газов не указана.
2024-10-22 20:29:33.044 +03:00 [WRN] - NumberSmokePumps: Количество дымососов не указано.
2024-10-22 20:29:33.045 +03:00 [WRN] - NumberSmokePumps: Количество дымососов должно быть больше 0.
2024-10-22 20:29:33.045 +03:00 [WRN] - AirSuction: Величина присососов воздуха не указана.
2024-10-22 20:29:33.045 +03:00 [WRN] - AirSuction: Величина присососов воздуха должна быть положительным числом.
2024-10-22 20:29:33.046 +03:00 [WRN] - NumberGrids: Количество решеток не указано.
2024-10-22 20:29:33.046 +03:00 [WRN] - NumberGrids: Количество решеток должно быть больше 0.
2024-10-22 20:29:33.046 +03:00 [WRN] - HeightLiftShaft: Высота подъемной шахты не указана.
2024-10-22 20:29:33.047 +03:00 [WRN] - SchemeBunkerPartitions: Не выбрана схема бункерных перегородок.
2024-10-22 20:29:33.047 +03:00 [WRN] - SchemeBunkerPartitions: Выберите необходимую схему бункерных перегородок на странице 'Станция'.
2024-10-22 20:29:33.048 +03:00 [WRN] - SlagRemoval: Не выбран тип шлакоудаления.
2024-10-22 20:29:33.048 +03:00 [WRN] - SlagRemoval: Укажите тип шлакудаления на странице 'Станция'.
2024-10-22 20:29:33.048 +03:00 [WRN] - TypeFlueGasSupply: Не выбран тип подвода газа.
2024-10-22 20:29:33.049 +03:00 [WRN] - TypeFlueGasSupply: Укажите тип подвода газа на странице 'Станция'.
2024-10-22 20:30:44.593 +03:00 [WRN] Validation failed for fuel:
- Не выбрана ни одна модель топлива.
2024-10-22 20:31:01.437 +03:00 [WRN] Validation failed for fuel:
- Не выбрана ни одна модель топлива.
2024-10-22 20:33:40.708 +03:00 [WRN] Validation failed: Ошибки при расчете. Возможно, исходные данные некорректны.
2024-10-22 20:33:40.708 +03:00 [WRN] - OptimalAshShakingMode: Оптимальный режим встряхивания не может быть null.
2024-10-22 20:33:40.711 +03:00 [WRN] - OptimalAshShakingMode: Оптимальный режим встряхивания для каждого поля не определен. Если изменение исходных данных не помогает, обратитесь к разработчику. Вероятно, есть ошибка в расчетах.
2024-10-22 20:33:40.715 +03:00 [WRN] - AshConcentrationEntranceMthField: Концентрация золы на входе не может быть null.
2024-10-22 20:33:40.716 +03:00 [WRN] - AshConcentrationEntranceMthField: Концентрация золы на входе не определена. Если изменение исходных данных не помогает, обратитесь к разработчику. Вероятно, есть ошибка в расчетах.
2024-10-22 20:33:49.557 +03:00 [INF] Close application...
2024-10-22 20:35:50.301 +03:00 [INF] Initialization of all application windows...
2024-10-22 20:35:54.648 +03:00 [INF] All application windows have been initialized
2024-10-22 20:35:54.649 +03:00 [INF] Start application...
2024-10-22 20:35:59.020 +03:00 [INF] Application started
2024-10-22 20:35:59.036 +03:00 [INF] Getting filters data ...
2024-10-22 20:35:59.043 +03:00 [INF]  Request: GetAllFiltersQuery {"$type":"GetAllFiltersQuery"}
2024-10-22 20:35:59.346 +03:00 [INF] Getting fuel data ...
2024-10-22 20:35:59.347 +03:00 [INF]  Request: GetAllFuelsQuery {"$type":"GetAllFuelsQuery"}
2024-10-22 20:35:59.386 +03:00 [INF] Filter type data has been uploaded
2024-10-22 20:35:59.447 +03:00 [INF] Fuel type data has been uploaded
2024-10-22 20:39:38.111 +03:00 [WRN] Validation failed for fuel:
- Не выбрана ни одна модель топлива.
2024-10-22 20:41:11.429 +03:00 [INF] Close application...
2024-10-22 20:42:50.702 +03:00 [INF] Initialization of all application windows...
2024-10-22 20:42:52.453 +03:00 [INF] All application windows have been initialized
2024-10-22 20:42:52.454 +03:00 [INF] Start application...
2024-10-22 20:42:56.812 +03:00 [INF] Application started
2024-10-22 20:42:56.849 +03:00 [INF] Getting filters data ...
2024-10-22 20:42:56.856 +03:00 [INF]  Request: GetAllFiltersQuery {"$type":"GetAllFiltersQuery"}
2024-10-22 20:42:57.151 +03:00 [INF] Getting fuel data ...
2024-10-22 20:42:57.152 +03:00 [INF]  Request: GetAllFuelsQuery {"$type":"GetAllFuelsQuery"}
2024-10-22 20:42:57.195 +03:00 [INF] Filter type data has been uploaded
2024-10-22 20:42:57.260 +03:00 [INF] Fuel type data has been uploaded
2024-10-22 20:43:15.717 +03:00 [INF] Close application...
2024-10-22 20:43:44.919 +03:00 [INF] Initialization of all application windows...
2024-10-22 20:43:46.736 +03:00 [INF] All application windows have been initialized
2024-10-22 20:43:46.736 +03:00 [INF] Start application...
2024-10-22 20:43:51.052 +03:00 [INF] Application started
2024-10-22 20:43:51.072 +03:00 [INF] Getting filters data ...
2024-10-22 20:43:51.080 +03:00 [INF]  Request: GetAllFiltersQuery {"$type":"GetAllFiltersQuery"}
2024-10-22 20:43:51.364 +03:00 [INF] Getting fuel data ...
2024-10-22 20:43:51.365 +03:00 [INF]  Request: GetAllFuelsQuery {"$type":"GetAllFuelsQuery"}
2024-10-22 20:43:51.404 +03:00 [INF] Filter type data has been uploaded
2024-10-22 20:43:51.464 +03:00 [INF] Fuel type data has been uploaded
2024-10-22 20:44:01.142 +03:00 [INF] Close application...
2024-10-22 20:47:13.806 +03:00 [INF] Initialization of all application windows...
2024-10-22 20:47:15.660 +03:00 [INF] All application windows have been initialized
2024-10-22 20:47:15.660 +03:00 [INF] Start application...
2024-10-22 20:47:20.020 +03:00 [INF] Application started
2024-10-22 20:47:20.071 +03:00 [INF] Getting filters data ...
2024-10-22 20:47:20.082 +03:00 [INF]  Request: GetAllFiltersQuery {"$type":"GetAllFiltersQuery"}
2024-10-22 20:47:20.376 +03:00 [INF] Getting fuel data ...
2024-10-22 20:47:20.377 +03:00 [INF]  Request: GetAllFuelsQuery {"$type":"GetAllFuelsQuery"}
2024-10-22 20:47:20.416 +03:00 [INF] Filter type data has been uploaded
2024-10-22 20:47:20.480 +03:00 [INF] Fuel type data has been uploaded
2024-10-22 20:49:21.924 +03:00 [INF] Initialization of all application windows...
2024-10-22 20:49:23.845 +03:00 [INF] All application windows have been initialized
2024-10-22 20:49:23.846 +03:00 [INF] Start application...
2024-10-22 20:49:28.224 +03:00 [INF] Application started
2024-10-22 20:49:28.257 +03:00 [INF] Getting filters data ...
2024-10-22 20:49:28.270 +03:00 [INF]  Request: GetAllFiltersQuery {"$type":"GetAllFiltersQuery"}
2024-10-22 20:49:28.573 +03:00 [INF] Getting fuel data ...
2024-10-22 20:49:28.574 +03:00 [INF]  Request: GetAllFuelsQuery {"$type":"GetAllFuelsQuery"}
2024-10-22 20:49:28.616 +03:00 [INF] Filter type data has been uploaded
2024-10-22 20:49:28.679 +03:00 [INF] Fuel type data has been uploaded
2024-10-22 20:49:31.305 +03:00 [INF] Close application...
2024-10-22 20:51:11.258 +03:00 [INF] Initialization of all application windows...
2024-10-22 20:51:13.319 +03:00 [INF] All application windows have been initialized
2024-10-22 20:51:13.319 +03:00 [INF] Start application...
2024-10-22 20:51:17.694 +03:00 [INF] Application started
2024-10-22 20:51:17.719 +03:00 [INF] Getting filters data ...
2024-10-22 20:51:17.727 +03:00 [INF]  Request: GetAllFiltersQuery {"$type":"GetAllFiltersQuery"}
2024-10-22 20:51:18.061 +03:00 [INF] Getting fuel data ...
2024-10-22 20:51:18.062 +03:00 [INF]  Request: GetAllFuelsQuery {"$type":"GetAllFuelsQuery"}
2024-10-22 20:51:18.106 +03:00 [INF] Filter type data has been uploaded
2024-10-22 20:51:18.173 +03:00 [INF] Fuel type data has been uploaded
2024-10-22 21:01:11.248 +03:00 [INF] Initialization of all application windows...
2024-10-22 21:01:13.164 +03:00 [INF] All application windows have been initialized
2024-10-22 21:01:13.165 +03:00 [INF] Start application...
2024-10-22 21:01:17.571 +03:00 [INF] Application started
2024-10-22 21:01:17.594 +03:00 [INF] Getting filters data ...
2024-10-22 21:01:17.604 +03:00 [INF]  Request: GetAllFiltersQuery {"$type":"GetAllFiltersQuery"}
2024-10-22 21:01:17.919 +03:00 [INF] Getting fuel data ...
2024-10-22 21:01:17.921 +03:00 [INF]  Request: GetAllFuelsQuery {"$type":"GetAllFuelsQuery"}
2024-10-22 21:01:17.962 +03:00 [INF] Filter type data has been uploaded
2024-10-22 21:01:18.025 +03:00 [INF] Fuel type data has been uploaded
2024-10-22 21:02:12.588 +03:00 [INF] Close application...
2024-10-22 21:03:12.944 +03:00 [INF] Initialization of all application windows...
2024-10-22 21:03:14.807 +03:00 [INF] All application windows have been initialized
2024-10-22 21:03:14.807 +03:00 [INF] Start application...
2024-10-22 21:03:19.564 +03:00 [INF] Application started
2024-10-22 21:03:19.587 +03:00 [INF] Getting filters data ...
2024-10-22 21:03:19.598 +03:00 [INF]  Request: GetAllFiltersQuery {"$type":"GetAllFiltersQuery"}
2024-10-22 21:03:20.236 +03:00 [INF] Getting fuel data ...
2024-10-22 21:03:20.238 +03:00 [INF]  Request: GetAllFuelsQuery {"$type":"GetAllFuelsQuery"}
2024-10-22 21:03:20.348 +03:00 [INF] Filter type data has been uploaded
2024-10-22 21:03:20.516 +03:00 [INF] Fuel type data has been uploaded
2024-10-22 21:04:11.959 +03:00 [INF] Close application...
2024-10-22 21:04:26.555 +03:00 [INF] Initialization of all application windows...
2024-10-22 21:04:28.369 +03:00 [INF] All application windows have been initialized
2024-10-22 21:04:28.370 +03:00 [INF] Start application...
2024-10-22 21:04:32.771 +03:00 [INF] Application started
2024-10-22 21:04:32.797 +03:00 [INF] Getting filters data ...
2024-10-22 21:04:32.805 +03:00 [INF]  Request: GetAllFiltersQuery {"$type":"GetAllFiltersQuery"}
2024-10-22 21:04:33.108 +03:00 [INF] Getting fuel data ...
2024-10-22 21:04:33.109 +03:00 [INF]  Request: GetAllFuelsQuery {"$type":"GetAllFuelsQuery"}
2024-10-22 21:04:33.157 +03:00 [INF] Filter type data has been uploaded
2024-10-22 21:04:33.227 +03:00 [INF] Fuel type data has been uploaded
2024-10-22 21:04:37.155 +03:00 [INF] Close application...
2024-10-22 21:05:36.721 +03:00 [INF] Initialization of all application windows...
2024-10-22 21:05:38.624 +03:00 [INF] All application windows have been initialized
2024-10-22 21:05:38.624 +03:00 [INF] Start application...
2024-10-22 21:05:43.001 +03:00 [INF] Application started
2024-10-22 21:05:43.023 +03:00 [INF] Getting filters data ...
2024-10-22 21:05:43.030 +03:00 [INF]  Request: GetAllFiltersQuery {"$type":"GetAllFiltersQuery"}
2024-10-22 21:05:43.309 +03:00 [INF] Getting fuel data ...
2024-10-22 21:05:43.310 +03:00 [INF]  Request: GetAllFuelsQuery {"$type":"GetAllFuelsQuery"}
2024-10-22 21:05:43.351 +03:00 [INF] Filter type data has been uploaded
2024-10-22 21:05:43.416 +03:00 [INF] Fuel type data has been uploaded
2024-10-22 21:05:47.975 +03:00 [INF] Close application...
2024-10-22 21:06:22.116 +03:00 [INF] Initialization of all application windows...
2024-10-22 21:06:24.059 +03:00 [INF] All application windows have been initialized
2024-10-22 21:06:24.060 +03:00 [INF] Start application...
2024-10-22 21:06:28.410 +03:00 [INF] Application started
2024-10-22 21:06:28.447 +03:00 [INF] Getting filters data ...
2024-10-22 21:06:28.457 +03:00 [INF]  Request: GetAllFiltersQuery {"$type":"GetAllFiltersQuery"}
2024-10-22 21:06:28.771 +03:00 [INF] Getting fuel data ...
2024-10-22 21:06:28.773 +03:00 [INF]  Request: GetAllFuelsQuery {"$type":"GetAllFuelsQuery"}
2024-10-22 21:06:28.811 +03:00 [INF] Filter type data has been uploaded
2024-10-22 21:06:28.875 +03:00 [INF] Fuel type data has been uploaded
2024-10-22 21:06:32.007 +03:00 [INF] Close application...
2024-10-22 21:08:10.587 +03:00 [INF] Initialization of all application windows...
2024-10-22 21:08:12.486 +03:00 [INF] All application windows have been initialized
2024-10-22 21:08:12.486 +03:00 [INF] Start application...
2024-10-22 21:08:16.850 +03:00 [INF] Application started
2024-10-22 21:08:16.876 +03:00 [INF] Getting filters data ...
2024-10-22 21:08:16.886 +03:00 [INF]  Request: GetAllFiltersQuery {"$type":"GetAllFiltersQuery"}
2024-10-22 21:08:17.167 +03:00 [INF] Getting fuel data ...
2024-10-22 21:08:17.168 +03:00 [INF]  Request: GetAllFuelsQuery {"$type":"GetAllFuelsQuery"}
2024-10-22 21:08:17.209 +03:00 [INF] Filter type data has been uploaded
2024-10-22 21:08:17.272 +03:00 [INF] Fuel type data has been uploaded
2024-10-22 21:08:41.307 +03:00 [INF] Close application...
2024-10-22 21:09:46.551 +03:00 [INF] Initialization of all application windows...
2024-10-22 21:09:48.422 +03:00 [INF] All application windows have been initialized
2024-10-22 21:09:48.423 +03:00 [INF] Start application...
2024-10-22 21:09:52.792 +03:00 [INF] Application started
2024-10-22 21:09:52.819 +03:00 [INF] Getting filters data ...
2024-10-22 21:09:52.827 +03:00 [INF]  Request: GetAllFiltersQuery {"$type":"GetAllFiltersQuery"}
2024-10-22 21:09:53.141 +03:00 [INF] Getting fuel data ...
2024-10-22 21:09:53.142 +03:00 [INF]  Request: GetAllFuelsQuery {"$type":"GetAllFuelsQuery"}
2024-10-22 21:09:53.183 +03:00 [INF] Filter type data has been uploaded
2024-10-22 21:09:53.243 +03:00 [INF] Fuel type data has been uploaded
2024-10-22 21:10:07.738 +03:00 [INF] Close application...
2024-10-22 21:10:22.354 +03:00 [INF] Initialization of all application windows...
2024-10-22 21:10:24.242 +03:00 [INF] All application windows have been initialized
2024-10-22 21:10:24.243 +03:00 [INF] Start application...
2024-10-22 21:10:28.575 +03:00 [INF] Application started
2024-10-22 21:10:28.601 +03:00 [INF] Getting filters data ...
2024-10-22 21:10:28.612 +03:00 [INF]  Request: GetAllFiltersQuery {"$type":"GetAllFiltersQuery"}
2024-10-22 21:10:28.911 +03:00 [INF] Getting fuel data ...
2024-10-22 21:10:28.912 +03:00 [INF]  Request: GetAllFuelsQuery {"$type":"GetAllFuelsQuery"}
2024-10-22 21:10:28.952 +03:00 [INF] Filter type data has been uploaded
2024-10-22 21:10:29.013 +03:00 [INF] Fuel type data has been uploaded
2024-10-22 21:10:42.676 +03:00 [INF] Initialization of all application windows...
2024-10-22 21:10:44.567 +03:00 [INF] All application windows have been initialized
2024-10-22 21:10:44.567 +03:00 [INF] Start application...
2024-10-22 21:10:49.343 +03:00 [INF] Application started
2024-10-22 21:10:49.377 +03:00 [INF] Getting filters data ...
2024-10-22 21:10:49.393 +03:00 [INF]  Request: GetAllFiltersQuery {"$type":"GetAllFiltersQuery"}
2024-10-22 21:10:49.985 +03:00 [INF] Getting fuel data ...
2024-10-22 21:10:49.987 +03:00 [INF]  Request: GetAllFuelsQuery {"$type":"GetAllFuelsQuery"}
2024-10-22 21:10:50.081 +03:00 [INF] Filter type data has been uploaded
2024-10-22 21:10:50.249 +03:00 [INF] Fuel type data has been uploaded
2024-10-22 21:10:56.824 +03:00 [INF] Close application...
2024-10-22 21:15:37.338 +03:00 [INF] Initialization of all application windows...
2024-10-22 21:15:39.466 +03:00 [INF] All application windows have been initialized
2024-10-22 21:15:39.466 +03:00 [INF] Start application...
2024-10-22 21:15:43.898 +03:00 [INF] Application started
2024-10-22 21:15:43.945 +03:00 [INF] Getting filters data ...
2024-10-22 21:15:43.955 +03:00 [INF]  Request: GetAllFiltersQuery {"$type":"GetAllFiltersQuery"}
2024-10-22 21:15:44.280 +03:00 [INF] Getting fuel data ...
2024-10-22 21:15:44.282 +03:00 [INF]  Request: GetAllFuelsQuery {"$type":"GetAllFuelsQuery"}
2024-10-22 21:15:44.328 +03:00 [INF] Filter type data has been uploaded
2024-10-22 21:15:44.400 +03:00 [INF] Fuel type data has been uploaded
2024-10-22 21:17:46.754 +03:00 [INF] Initialization of all application windows...
2024-10-22 21:17:48.876 +03:00 [INF] All application windows have been initialized
2024-10-22 21:17:48.876 +03:00 [INF] Start application...
2024-10-22 21:17:53.314 +03:00 [INF] Application started
2024-10-22 21:17:53.338 +03:00 [INF] Getting filters data ...
2024-10-22 21:17:53.346 +03:00 [INF]  Request: GetAllFiltersQuery {"$type":"GetAllFiltersQuery"}
2024-10-22 21:17:53.659 +03:00 [INF] Getting fuel data ...
2024-10-22 21:17:53.661 +03:00 [INF]  Request: GetAllFuelsQuery {"$type":"GetAllFuelsQuery"}
2024-10-22 21:17:53.707 +03:00 [INF] Filter type data has been uploaded
2024-10-22 21:17:53.782 +03:00 [INF] Fuel type data has been uploaded
2024-10-22 21:18:27.440 +03:00 [INF] Initialization of all application windows...
2024-10-22 21:18:29.496 +03:00 [INF] All application windows have been initialized
2024-10-22 21:18:29.496 +03:00 [INF] Start application...
2024-10-22 21:18:33.911 +03:00 [INF] Application started
2024-10-22 21:18:33.931 +03:00 [INF] Getting filters data ...
2024-10-22 21:18:33.939 +03:00 [INF]  Request: GetAllFiltersQuery {"$type":"GetAllFiltersQuery"}
2024-10-22 21:18:34.296 +03:00 [INF] Getting fuel data ...
2024-10-22 21:18:34.298 +03:00 [INF]  Request: GetAllFuelsQuery {"$type":"GetAllFuelsQuery"}
2024-10-22 21:18:34.353 +03:00 [INF] Filter type data has been uploaded
2024-10-22 21:18:34.420 +03:00 [INF] Fuel type data has been uploaded
2024-10-22 21:19:54.217 +03:00 [INF] Close application...
2024-10-22 21:23:18.343 +03:00 [INF] Initialization of all application windows...
2024-10-22 21:23:20.399 +03:00 [INF] All application windows have been initialized
2024-10-22 21:23:20.400 +03:00 [INF] Start application...
2024-10-22 21:23:25.058 +03:00 [INF] Application started
2024-10-22 21:23:25.112 +03:00 [INF] Getting filters data ...
2024-10-22 21:23:25.150 +03:00 [INF]  Request: GetAllFiltersQuery {"$type":"GetAllFiltersQuery"}
2024-10-22 21:23:25.876 +03:00 [INF] Getting fuel data ...
2024-10-22 21:23:25.883 +03:00 [INF]  Request: GetAllFuelsQuery {"$type":"GetAllFuelsQuery"}
2024-10-22 21:23:26.002 +03:00 [INF] Filter type data has been uploaded
2024-10-22 21:23:26.191 +03:00 [INF] Fuel type data has been uploaded
2024-10-22 21:29:00.089 +03:00 [INF] Initialization of all application windows...
2024-10-22 21:29:01.985 +03:00 [INF] All application windows have been initialized
2024-10-22 21:29:01.986 +03:00 [INF] Start application...
2024-10-22 21:29:06.468 +03:00 [INF] Application started
2024-10-22 21:29:06.515 +03:00 [INF] Getting filters data ...
2024-10-22 21:29:06.528 +03:00 [INF]  Request: GetAllFiltersQuery {"$type":"GetAllFiltersQuery"}
2024-10-22 21:29:06.844 +03:00 [INF] Getting fuel data ...
2024-10-22 21:29:06.845 +03:00 [INF]  Request: GetAllFuelsQuery {"$type":"GetAllFuelsQuery"}
2024-10-22 21:29:06.890 +03:00 [INF] Filter type data has been uploaded
2024-10-22 21:29:06.971 +03:00 [INF] Fuel type data has been uploaded
2024-10-22 21:30:35.595 +03:00 [INF] Initialization of all application windows...
2024-10-22 21:30:37.599 +03:00 [INF] All application windows have been initialized
2024-10-22 21:30:37.599 +03:00 [INF] Start application...
2024-10-22 21:30:42.007 +03:00 [INF] Application started
2024-10-22 21:30:42.038 +03:00 [INF] Getting filters data ...
2024-10-22 21:30:42.056 +03:00 [INF]  Request: GetAllFiltersQuery {"$type":"GetAllFiltersQuery"}
2024-10-22 21:30:42.386 +03:00 [INF] Getting fuel data ...
2024-10-22 21:30:42.387 +03:00 [INF]  Request: GetAllFuelsQuery {"$type":"GetAllFuelsQuery"}
2024-10-22 21:30:42.433 +03:00 [INF] Filter type data has been uploaded
2024-10-22 21:30:42.499 +03:00 [INF] Fuel type data has been uploaded
2024-10-22 21:35:07.997 +03:00 [INF] Initialization of all application windows...
2024-10-22 21:35:09.855 +03:00 [INF] All application windows have been initialized
2024-10-22 21:35:09.855 +03:00 [INF] Start application...
2024-10-22 21:35:14.265 +03:00 [INF] Application started
2024-10-22 21:35:14.281 +03:00 [INF] Getting filters data ...
2024-10-22 21:35:14.289 +03:00 [INF]  Request: GetAllFiltersQuery {"$type":"GetAllFiltersQuery"}
2024-10-22 21:35:14.574 +03:00 [INF] Getting fuel data ...
2024-10-22 21:35:14.576 +03:00 [INF]  Request: GetAllFuelsQuery {"$type":"GetAllFuelsQuery"}
2024-10-22 21:35:14.616 +03:00 [INF] Filter type data has been uploaded
2024-10-22 21:35:14.679 +03:00 [INF] Fuel type data has been uploaded
2024-10-22 21:45:38.704 +03:00 [INF] Initialization of all application windows...
2024-10-22 21:45:40.532 +03:00 [INF] All application windows have been initialized
2024-10-22 21:45:40.532 +03:00 [INF] Start application...
2024-10-22 21:45:45.261 +03:00 [INF] Application started
2024-10-22 21:45:45.310 +03:00 [INF] Getting filters data ...
2024-10-22 21:45:45.337 +03:00 [INF]  Request: GetAllFiltersQuery {"$type":"GetAllFiltersQuery"}
2024-10-22 21:45:45.980 +03:00 [INF] Getting fuel data ...
2024-10-22 21:45:45.984 +03:00 [INF]  Request: GetAllFuelsQuery {"$type":"GetAllFuelsQuery"}
2024-10-22 21:45:46.068 +03:00 [INF] Filter type data has been uploaded
2024-10-22 21:45:46.202 +03:00 [INF] Fuel type data has been uploaded
2024-10-22 21:47:33.592 +03:00 [INF] Initialization of all application windows...
2024-10-22 21:47:35.566 +03:00 [INF] All application windows have been initialized
2024-10-22 21:47:35.566 +03:00 [INF] Start application...
2024-10-22 21:47:39.941 +03:00 [INF] Application started
2024-10-22 21:47:39.977 +03:00 [INF] Getting filters data ...
2024-10-22 21:47:39.990 +03:00 [INF]  Request: GetAllFiltersQuery {"$type":"GetAllFiltersQuery"}
2024-10-22 21:47:40.265 +03:00 [INF] Getting fuel data ...
2024-10-22 21:47:40.266 +03:00 [INF]  Request: GetAllFuelsQuery {"$type":"GetAllFuelsQuery"}
2024-10-22 21:47:40.306 +03:00 [INF] Filter type data has been uploaded
2024-10-22 21:47:40.363 +03:00 [INF] Fuel type data has been uploaded
2024-10-22 21:47:53.829 +03:00 [INF] Close application...
2024-10-22 21:48:58.847 +03:00 [INF] Initialization of all application windows...
2024-10-22 21:49:00.786 +03:00 [INF] All application windows have been initialized
2024-10-22 21:49:00.786 +03:00 [INF] Start application...
2024-10-22 21:49:05.117 +03:00 [INF] Application started
2024-10-22 21:49:05.139 +03:00 [INF] Getting filters data ...
2024-10-22 21:49:05.146 +03:00 [INF]  Request: GetAllFiltersQuery {"$type":"GetAllFiltersQuery"}
2024-10-22 21:49:05.442 +03:00 [INF] Getting fuel data ...
2024-10-22 21:49:05.443 +03:00 [INF]  Request: GetAllFuelsQuery {"$type":"GetAllFuelsQuery"}
2024-10-22 21:49:05.487 +03:00 [INF] Filter type data has been uploaded
2024-10-22 21:49:05.549 +03:00 [INF] Fuel type data has been uploaded
2024-10-22 21:50:20.218 +03:00 [INF] Close application...
2024-10-22 21:52:01.978 +03:00 [INF] Initialization of all application windows...
2024-10-22 21:52:03.916 +03:00 [INF] All application windows have been initialized
2024-10-22 21:52:03.917 +03:00 [INF] Start application...
2024-10-22 21:52:08.280 +03:00 [INF] Application started
2024-10-22 21:52:08.313 +03:00 [INF] Getting filters data ...
2024-10-22 21:52:08.323 +03:00 [INF]  Request: GetAllFiltersQuery {"$type":"GetAllFiltersQuery"}
2024-10-22 21:52:08.627 +03:00 [INF] Getting fuel data ...
2024-10-22 21:52:08.628 +03:00 [INF]  Request: GetAllFuelsQuery {"$type":"GetAllFuelsQuery"}
2024-10-22 21:52:08.671 +03:00 [INF] Filter type data has been uploaded
2024-10-22 21:52:08.731 +03:00 [INF] Fuel type data has been uploaded
2024-10-22 21:52:26.029 +03:00 [WRN] Validation failed for station parameter.
2024-10-22 21:52:26.052 +03:00 [WRN] - FuelConsumption: Расход топлива не указан.
2024-10-22 21:52:26.055 +03:00 [WRN] - ExhaustGasTemperature: Температура отработавших газов не указана.
2024-10-22 21:52:26.056 +03:00 [WRN] - NumberSmokePumps: Количество дымососов не указано.
2024-10-22 21:52:26.056 +03:00 [WRN] - NumberSmokePumps: Количество дымососов должно быть больше 0.
2024-10-22 21:52:26.057 +03:00 [WRN] - AirSuction: Величина присососов воздуха не указана.
2024-10-22 21:52:26.058 +03:00 [WRN] - AirSuction: Величина присососов воздуха должна быть положительным числом.
2024-10-22 21:52:26.058 +03:00 [WRN] - NumberGrids: Количество решеток не указано.
2024-10-22 21:52:26.059 +03:00 [WRN] - NumberGrids: Количество решеток должно быть больше 0.
2024-10-22 21:52:26.059 +03:00 [WRN] - HeightLiftShaft: Высота подъемной шахты не указана.
2024-10-22 21:52:26.060 +03:00 [WRN] - SchemeBunkerPartitions: Не выбрана схема бункерных перегородок.
2024-10-22 21:52:26.060 +03:00 [WRN] - SchemeBunkerPartitions: Выберите необходимую схему бункерных перегородок на странице 'Станция'.
2024-10-22 21:52:26.061 +03:00 [WRN] - TypeFlueGasSupply: Не выбран тип подвода газа.
2024-10-22 21:52:26.061 +03:00 [WRN] - TypeFlueGasSupply: Укажите тип подвода газа на странице 'Станция'.
2024-10-22 21:59:11.226 +03:00 [INF] Initialization of all application windows...
2024-10-22 21:59:15.488 +03:00 [INF] All application windows have been initialized
2024-10-22 21:59:15.488 +03:00 [INF] Start application...
2024-10-22 21:59:19.828 +03:00 [INF] Application started
2024-10-22 21:59:19.848 +03:00 [INF] Getting filters data ...
2024-10-22 21:59:19.857 +03:00 [INF]  Request: GetAllFiltersQuery {"$type":"GetAllFiltersQuery"}
2024-10-22 21:59:20.146 +03:00 [INF] Getting fuel data ...
2024-10-22 21:59:20.147 +03:00 [INF]  Request: GetAllFuelsQuery {"$type":"GetAllFuelsQuery"}
2024-10-22 21:59:20.185 +03:00 [INF] Filter type data has been uploaded
2024-10-22 21:59:20.248 +03:00 [INF] Fuel type data has been uploaded
2024-10-22 21:59:56.932 +03:00 [WRN] Validation failed for fuel:
- Не выбрана ни одна модель топлива.
2024-10-22 22:01:35.967 +03:00 [INF] Creating filter data ...
2024-10-22 22:01:35.970 +03:00 [INF]  Request: CreateFilterCommand {"ID":0,"BrandFilter":"fffsdf","Weight":0,"Length":0,"Height":0,"Width":0,"AreaActiveSection":33,"ActiveFieldLength":0,"TotalDepositionArea":0,"ElectrodeHeight":0,"СoefficientShakingMode":0,"NumberFields":0,"DistanceCPDevices":0,"$type":"CreateFilterCommand"}
2024-10-22 22:01:37.034 +03:00 [INF] Getting filters data ...
2024-10-22 22:01:37.036 +03:00 [INF]  Request: GetAllFiltersQuery {"$type":"GetAllFiltersQuery"}
2024-10-22 22:01:37.058 +03:00 [INF] Filter type data has been uploaded
2024-10-22 22:01:40.882 +03:00 [INF] Deleting filter data ...
2024-10-22 22:01:40.885 +03:00 [INF]  Request: DeleteFilterCommand {"ID":0,"$type":"DeleteFilterCommand"}
2024-10-22 22:01:41.003 +03:00 [INF] Deleting filter data ...
2024-10-22 22:01:41.003 +03:00 [INF]  Request: DeleteFilterCommand {"ID":3,"$type":"DeleteFilterCommand"}
2024-10-22 22:01:41.615 +03:00 [INF] Getting filters data ...
2024-10-22 22:01:41.616 +03:00 [INF]  Request: GetAllFiltersQuery {"$type":"GetAllFiltersQuery"}
2024-10-22 22:01:41.627 +03:00 [INF] Filter type data has been uploaded
2024-10-22 22:01:43.971 +03:00 [INF] Getting filters data ...
2024-10-22 22:01:43.971 +03:00 [INF]  Request: GetAllFiltersQuery {"$type":"GetAllFiltersQuery"}
2024-10-22 22:01:43.981 +03:00 [INF] Filter type data has been uploaded
2024-10-22 22:02:25.611 +03:00 [INF] Close application...
